<?xml version="1.0" encoding="UTF-8"?>
<testng-results skipped="0" failed="2" ignored="0" total="9" passed="7">
  <reporter-output>
  </reporter-output>
  <suite name="Surefire suite" duration-ms="206697" started-at="2020-03-18T21:51:57 GMT" finished-at="2020-03-18T21:55:23 GMT">
    <groups>
    </groups>
    <test name="Surefire test" duration-ms="206697" started-at="2020-03-18T21:51:57 GMT" finished-at="2020-03-18T21:55:23 GMT">
      <class name="WebTest.TestSuit">
        <test-method status="PASS" signature="openBrowser()[pri:0, instance:WebTest.TestSuit@731a74c]" name="openBrowser" is-config="true" duration-ms="12155" started-at="2020-03-18T21:51:57 GMT" finished-at="2020-03-18T21:52:09 GMT">
          <reporter-output>
          </reporter-output>
        </test-method> <!-- openBrowser -->
        <test-method status="PASS" signature="nonRegisteredUserShouldNotBeAbleToReferAProductToAFriend()[pri:0, instance:WebTest.TestSuit@731a74c]" name="nonRegisteredUserShouldNotBeAbleToReferAProductToAFriend" duration-ms="10620" started-at="2020-03-18T21:52:09 GMT" finished-at="2020-03-18T21:52:20 GMT">
          <reporter-output>
          </reporter-output>
        </test-method> <!-- nonRegisteredUserShouldNotBeAbleToReferAProductToAFriend -->
        <test-method status="PASS" signature="closeBrowser(org.testng.ITestResult)[pri:0, instance:WebTest.TestSuit@731a74c]" name="closeBrowser" is-config="true" duration-ms="720" started-at="2020-03-18T21:52:20 GMT" finished-at="2020-03-18T21:52:20 GMT">
          <params>
            <param index="0">
              <value>
                <![CDATA[[TestResult name=nonRegisteredUserShouldNotBeAbleToReferAProductToAFriend status=SUCCESS method=TestSuit.nonRegisteredUserShouldNotBeAbleToReferAProductToAFriend()[pri:0, instance:WebTest.TestSuit@731a74c] output={null}]]]>
              </value>
            </param>
          </params>
          <reporter-output>
          </reporter-output>
        </test-method> <!-- closeBrowser -->
        <test-method status="PASS" signature="openBrowser()[pri:0, instance:WebTest.TestSuit@731a74c]" name="openBrowser" is-config="true" duration-ms="11005" started-at="2020-03-18T21:52:20 GMT" finished-at="2020-03-18T21:52:31 GMT">
          <reporter-output>
          </reporter-output>
        </test-method> <!-- openBrowser -->
        <test-method status="FAIL" signature="registeredUserShouldBeAbleToReferAProductTOAFriend()[pri:0, instance:WebTest.TestSuit@731a74c]" name="registeredUserShouldBeAbleToReferAProductTOAFriend" duration-ms="39314" started-at="2020-03-18T21:52:31 GMT" finished-at="2020-03-18T21:53:11 GMT">
          <exception class="org.openqa.selenium.NoSuchElementException">
            <message>
              <![CDATA[no such element: Unable to locate element: {"method":"xpath","selector":"//div[@class='result']"}
  (Session info: chrome=80.0.3987.149)
For documentation on this error, please visit: https://www.seleniumhq.org/exceptions/no_such_element.html
Build info: version: '3.141.59', revision: 'e82be7d358', time: '2018-11-14T08:17:03'
System info: host: 'DESKTOP-DLF0C8J', ip: '192.168.0.72', os.name: 'Windows 10', os.arch: 'amd64', os.version: '10.0', java.version: '1.8.0_221'
Driver info: org.openqa.selenium.chrome.ChromeDriver
Capabilities {acceptInsecureCerts: false, browserName: chrome, browserVersion: 80.0.3987.149, chrome: {chromedriverVersion: 79.0.3945.36 (3582db32b3389..., userDataDir: C:\Users\Toshiba\AppData\Lo...}, goog:chromeOptions: {debuggerAddress: localhost:64766}, javascriptEnabled: true, networkConnectionEnabled: false, pageLoadStrategy: normal, platform: WINDOWS, platformName: WINDOWS, proxy: Proxy(), setWindowRect: true, strictFileInteractability: false, timeouts: {implicit: 0, pageLoad: 300000, script: 30000}, unhandledPromptBehavior: dismiss and notify}
Session ID: 2af6f4a888eaaa5532d9a0d924e1710a
*** Element info: {Using=xpath, value=//div[@class='result']}]]>
            </message>
            <full-stacktrace>
              <![CDATA[org.openqa.selenium.NoSuchElementException: no such element: Unable to locate element: {"method":"xpath","selector":"//div[@class='result']"}
  (Session info: chrome=80.0.3987.149)
For documentation on this error, please visit: https://www.seleniumhq.org/exceptions/no_such_element.html
Build info: version: '3.141.59', revision: 'e82be7d358', time: '2018-11-14T08:17:03'
System info: host: 'DESKTOP-DLF0C8J', ip: '192.168.0.72', os.name: 'Windows 10', os.arch: 'amd64', os.version: '10.0', java.version: '1.8.0_221'
Driver info: org.openqa.selenium.chrome.ChromeDriver
Capabilities {acceptInsecureCerts: false, browserName: chrome, browserVersion: 80.0.3987.149, chrome: {chromedriverVersion: 79.0.3945.36 (3582db32b3389..., userDataDir: C:\Users\Toshiba\AppData\Lo...}, goog:chromeOptions: {debuggerAddress: localhost:64766}, javascriptEnabled: true, networkConnectionEnabled: false, pageLoadStrategy: normal, platform: WINDOWS, platformName: WINDOWS, proxy: Proxy(), setWindowRect: true, strictFileInteractability: false, timeouts: {implicit: 0, pageLoad: 300000, script: 30000}, unhandledPromptBehavior: dismiss and notify}
Session ID: 2af6f4a888eaaa5532d9a0d924e1710a
*** Element info: {Using=xpath, value=//div[@class='result']}
at sun.reflect.NativeConstructorAccessorImpl.newInstance0(Native Method)
at sun.reflect.NativeConstructorAccessorImpl.newInstance(NativeConstructorAccessorImpl.java:62)
at sun.reflect.DelegatingConstructorAccessorImpl.newInstance(DelegatingConstructorAccessorImpl.java:45)
at java.lang.reflect.Constructor.newInstance(Constructor.java:423)
at org.openqa.selenium.remote.http.W3CHttpResponseCodec.createException(W3CHttpResponseCodec.java:187)
at org.openqa.selenium.remote.http.W3CHttpResponseCodec.decode(W3CHttpResponseCodec.java:122)
at org.openqa.selenium.remote.http.W3CHttpResponseCodec.decode(W3CHttpResponseCodec.java:49)
at org.openqa.selenium.remote.HttpCommandExecutor.execute(HttpCommandExecutor.java:158)
at org.openqa.selenium.remote.service.DriverCommandExecutor.execute(DriverCommandExecutor.java:83)
at org.openqa.selenium.remote.RemoteWebDriver.execute(RemoteWebDriver.java:552)
at org.openqa.selenium.remote.RemoteWebDriver.findElement(RemoteWebDriver.java:323)
at org.openqa.selenium.remote.RemoteWebDriver.findElementByXPath(RemoteWebDriver.java:428)
at org.openqa.selenium.By$ByXPath.findElement(By.java:353)
at org.openqa.selenium.remote.RemoteWebDriver.findElement(RemoteWebDriver.java:315)
at WebTest.Utils.getTextElement(Utils.java:97)
at WebTest.Utils.assertTextMessage(Utils.java:102)
at WebTest.EmailAFriendPage.verifyUserSeeSuccessMessageOfEmailAFriend(EmailAFriendPage.java:43)
at WebTest.TestSuit.registeredUserShouldBeAbleToReferAProductTOAFriend(TestSuit.java:150)
at sun.reflect.NativeMethodAccessorImpl.invoke0(Native Method)
at sun.reflect.NativeMethodAccessorImpl.invoke(NativeMethodAccessorImpl.java:62)
at sun.reflect.DelegatingMethodAccessorImpl.invoke(DelegatingMethodAccessorImpl.java:43)
at java.lang.reflect.Method.invoke(Method.java:498)
at org.testng.internal.MethodInvocationHelper.invokeMethod(MethodInvocationHelper.java:134)
at org.testng.internal.TestInvoker.invokeMethod(TestInvoker.java:597)
at org.testng.internal.TestInvoker.invokeTestMethod(TestInvoker.java:173)
at org.testng.internal.MethodRunner.runInSequence(MethodRunner.java:46)
at org.testng.internal.TestInvoker$MethodInvocationAgent.invoke(TestInvoker.java:816)
at org.testng.internal.TestInvoker.invokeTestMethods(TestInvoker.java:146)
at org.testng.internal.TestMethodWorker.invokeTestMethods(TestMethodWorker.java:146)
at org.testng.internal.TestMethodWorker.run(TestMethodWorker.java:128)
at java.util.ArrayList.forEach(ArrayList.java:1257)
at org.testng.TestRunner.privateRun(TestRunner.java:766)
at org.testng.TestRunner.run(TestRunner.java:587)
at org.testng.SuiteRunner.runTest(SuiteRunner.java:384)
at org.testng.SuiteRunner.runSequentially(SuiteRunner.java:378)
at org.testng.SuiteRunner.privateRun(SuiteRunner.java:337)
at org.testng.SuiteRunner.run(SuiteRunner.java:286)
at org.testng.SuiteRunnerWorker.runSuite(SuiteRunnerWorker.java:53)
at org.testng.SuiteRunnerWorker.run(SuiteRunnerWorker.java:96)
at org.testng.TestNG.runSuitesSequentially(TestNG.java:1187)
at org.testng.TestNG.runSuitesLocally(TestNG.java:1109)
at org.testng.TestNG.runSuites(TestNG.java:1039)
at org.testng.TestNG.run(TestNG.java:1007)
at org.apache.maven.surefire.testng.TestNGExecutor.run(TestNGExecutor.java:135)
at org.apache.maven.surefire.testng.TestNGDirectoryTestSuite.executeMulti(TestNGDirectoryTestSuite.java:193)
at org.apache.maven.surefire.testng.TestNGDirectoryTestSuite.execute(TestNGDirectoryTestSuite.java:94)
at org.apache.maven.surefire.testng.TestNGProvider.invoke(TestNGProvider.java:146)
at org.apache.maven.surefire.booter.ForkedBooter.invokeProviderInSameClassLoader(ForkedBooter.java:384)
at org.apache.maven.surefire.booter.ForkedBooter.runSuitesInProcess(ForkedBooter.java:345)
at org.apache.maven.surefire.booter.ForkedBooter.execute(ForkedBooter.java:126)
at org.apache.maven.surefire.booter.ForkedBooter.main(ForkedBooter.java:418)
]]>
            </full-stacktrace>
          </exception> <!-- org.openqa.selenium.NoSuchElementException -->
          <reporter-output>
          </reporter-output>
        </test-method> <!-- registeredUserShouldBeAbleToReferAProductTOAFriend -->
        <test-method status="PASS" signature="closeBrowser(org.testng.ITestResult)[pri:0, instance:WebTest.TestSuit@731a74c]" name="closeBrowser" is-config="true" duration-ms="1119" started-at="2020-03-18T21:53:11 GMT" finished-at="2020-03-18T21:53:12 GMT">
          <params>
            <param index="0">
              <value>
                <![CDATA[[TestResult name=registeredUserShouldBeAbleToReferAProductTOAFriend status=FAILURE method=TestSuit.registeredUserShouldBeAbleToReferAProductTOAFriend()[pri:0, instance:WebTest.TestSuit@731a74c] output={null}]]]>
              </value>
            </param>
          </params>
          <reporter-output>
          </reporter-output>
        </test-method> <!-- closeBrowser -->
        <test-method status="PASS" signature="openBrowser()[pri:0, instance:WebTest.TestSuit@731a74c]" name="openBrowser" is-config="true" duration-ms="11541" started-at="2020-03-18T21:53:12 GMT" finished-at="2020-03-18T21:53:23 GMT">
          <reporter-output>
          </reporter-output>
        </test-method> <!-- openBrowser -->
        <test-method status="PASS" signature="userShouldAbleToRegisterSuccessfully()[pri:0, instance:WebTest.TestSuit@731a74c]" name="userShouldAbleToRegisterSuccessfully" duration-ms="11594" started-at="2020-03-18T21:53:23 GMT" finished-at="2020-03-18T21:53:35 GMT">
          <reporter-output>
          </reporter-output>
        </test-method> <!-- userShouldAbleToRegisterSuccessfully -->
        <test-method status="PASS" signature="closeBrowser(org.testng.ITestResult)[pri:0, instance:WebTest.TestSuit@731a74c]" name="closeBrowser" is-config="true" duration-ms="754" started-at="2020-03-18T21:53:35 GMT" finished-at="2020-03-18T21:53:36 GMT">
          <params>
            <param index="0">
              <value>
                <![CDATA[[TestResult name=userShouldAbleToRegisterSuccessfully status=SUCCESS method=TestSuit.userShouldAbleToRegisterSuccessfully()[pri:0, instance:WebTest.TestSuit@731a74c] output={null}]]]>
              </value>
            </param>
          </params>
          <reporter-output>
          </reporter-output>
        </test-method> <!-- closeBrowser -->
        <test-method status="PASS" signature="openBrowser()[pri:0, instance:WebTest.TestSuit@731a74c]" name="openBrowser" is-config="true" duration-ms="10549" started-at="2020-03-18T21:53:36 GMT" finished-at="2020-03-18T21:53:46 GMT">
          <reporter-output>
          </reporter-output>
        </test-method> <!-- openBrowser -->
        <test-method status="FAIL" signature="userShouldBeAbleToCompareTwoDifferentProductSuccessfully()[pri:0, instance:WebTest.TestSuit@731a74c]" name="userShouldBeAbleToCompareTwoDifferentProductSuccessfully" duration-ms="789" started-at="2020-03-18T21:53:46 GMT" finished-at="2020-03-18T21:53:47 GMT">
          <exception class="java.lang.AssertionError">
            <message>
              <![CDATA[expected [true] but found [false]]]>
            </message>
            <full-stacktrace>
              <![CDATA[java.lang.AssertionError: expected [true] but found [false]
at org.testng.Assert.fail(Assert.java:97)
at org.testng.Assert.failNotEquals(Assert.java:969)
at org.testng.Assert.assertTrue(Assert.java:43)
at org.testng.Assert.assertTrue(Assert.java:53)
at WebTest.Utils.assertURL(Utils.java:106)
at WebTest.CompareSuccessPage.verifyUserShouldSeeCompareSuccessMassage(CompareSuccessPage.java:11)
at WebTest.TestSuit.userShouldBeAbleToCompareTwoDifferentProductSuccessfully(TestSuit.java:122)
at sun.reflect.NativeMethodAccessorImpl.invoke0(Native Method)
at sun.reflect.NativeMethodAccessorImpl.invoke(NativeMethodAccessorImpl.java:62)
at sun.reflect.DelegatingMethodAccessorImpl.invoke(DelegatingMethodAccessorImpl.java:43)
at java.lang.reflect.Method.invoke(Method.java:498)
at org.testng.internal.MethodInvocationHelper.invokeMethod(MethodInvocationHelper.java:134)
at org.testng.internal.TestInvoker.invokeMethod(TestInvoker.java:597)
at org.testng.internal.TestInvoker.invokeTestMethod(TestInvoker.java:173)
at org.testng.internal.MethodRunner.runInSequence(MethodRunner.java:46)
at org.testng.internal.TestInvoker$MethodInvocationAgent.invoke(TestInvoker.java:816)
at org.testng.internal.TestInvoker.invokeTestMethods(TestInvoker.java:146)
at org.testng.internal.TestMethodWorker.invokeTestMethods(TestMethodWorker.java:146)
at org.testng.internal.TestMethodWorker.run(TestMethodWorker.java:128)
at java.util.ArrayList.forEach(ArrayList.java:1257)
at org.testng.TestRunner.privateRun(TestRunner.java:766)
at org.testng.TestRunner.run(TestRunner.java:587)
at org.testng.SuiteRunner.runTest(SuiteRunner.java:384)
at org.testng.SuiteRunner.runSequentially(SuiteRunner.java:378)
at org.testng.SuiteRunner.privateRun(SuiteRunner.java:337)
at org.testng.SuiteRunner.run(SuiteRunner.java:286)
at org.testng.SuiteRunnerWorker.runSuite(SuiteRunnerWorker.java:53)
at org.testng.SuiteRunnerWorker.run(SuiteRunnerWorker.java:96)
at org.testng.TestNG.runSuitesSequentially(TestNG.java:1187)
at org.testng.TestNG.runSuitesLocally(TestNG.java:1109)
at org.testng.TestNG.runSuites(TestNG.java:1039)
at org.testng.TestNG.run(TestNG.java:1007)
at org.apache.maven.surefire.testng.TestNGExecutor.run(TestNGExecutor.java:135)
at org.apache.maven.surefire.testng.TestNGDirectoryTestSuite.executeMulti(TestNGDirectoryTestSuite.java:193)
at org.apache.maven.surefire.testng.TestNGDirectoryTestSuite.execute(TestNGDirectoryTestSuite.java:94)
at org.apache.maven.surefire.testng.TestNGProvider.invoke(TestNGProvider.java:146)
at org.apache.maven.surefire.booter.ForkedBooter.invokeProviderInSameClassLoader(ForkedBooter.java:384)
at org.apache.maven.surefire.booter.ForkedBooter.runSuitesInProcess(ForkedBooter.java:345)
at org.apache.maven.surefire.booter.ForkedBooter.execute(ForkedBooter.java:126)
at org.apache.maven.surefire.booter.ForkedBooter.main(ForkedBooter.java:418)
]]>
            </full-stacktrace>
          </exception> <!-- java.lang.AssertionError -->
          <reporter-output>
          </reporter-output>
        </test-method> <!-- userShouldBeAbleToCompareTwoDifferentProductSuccessfully -->
        <test-method status="PASS" signature="closeBrowser(org.testng.ITestResult)[pri:0, instance:WebTest.TestSuit@731a74c]" name="closeBrowser" is-config="true" duration-ms="1289" started-at="2020-03-18T21:53:47 GMT" finished-at="2020-03-18T21:53:48 GMT">
          <params>
            <param index="0">
              <value>
                <![CDATA[[TestResult name=userShouldBeAbleToCompareTwoDifferentProductSuccessfully status=FAILURE method=TestSuit.userShouldBeAbleToCompareTwoDifferentProductSuccessfully()[pri:0, instance:WebTest.TestSuit@731a74c] output={null}]]]>
              </value>
            </param>
          </params>
          <reporter-output>
          </reporter-output>
        </test-method> <!-- closeBrowser -->
        <test-method status="PASS" signature="openBrowser()[pri:0, instance:WebTest.TestSuit@731a74c]" name="openBrowser" is-config="true" duration-ms="11219" started-at="2020-03-18T21:53:48 GMT" finished-at="2020-03-18T21:54:00 GMT">
          <reporter-output>
          </reporter-output>
        </test-method> <!-- openBrowser -->
        <test-method status="PASS" signature="userShouldBeAbleToSortProductHighToLowByPrice()[pri:0, instance:WebTest.TestSuit@731a74c]" name="userShouldBeAbleToSortProductHighToLowByPrice" duration-ms="12320" started-at="2020-03-18T21:54:00 GMT" finished-at="2020-03-18T21:54:12 GMT">
          <reporter-output>
          </reporter-output>
        </test-method> <!-- userShouldBeAbleToSortProductHighToLowByPrice -->
        <test-method status="PASS" signature="closeBrowser(org.testng.ITestResult)[pri:0, instance:WebTest.TestSuit@731a74c]" name="closeBrowser" is-config="true" duration-ms="716" started-at="2020-03-18T21:54:12 GMT" finished-at="2020-03-18T21:54:13 GMT">
          <params>
            <param index="0">
              <value>
                <![CDATA[[TestResult name=userShouldBeAbleToSortProductHighToLowByPrice status=SUCCESS method=TestSuit.userShouldBeAbleToSortProductHighToLowByPrice()[pri:0, instance:WebTest.TestSuit@731a74c] output={null}]]]>
              </value>
            </param>
          </params>
          <reporter-output>
          </reporter-output>
        </test-method> <!-- closeBrowser -->
        <test-method status="PASS" signature="openBrowser()[pri:0, instance:WebTest.TestSuit@731a74c]" name="openBrowser" is-config="true" duration-ms="10636" started-at="2020-03-18T21:54:13 GMT" finished-at="2020-03-18T21:54:23 GMT">
          <reporter-output>
          </reporter-output>
        </test-method> <!-- openBrowser -->
        <test-method status="PASS" signature="verifyAddToCArtButtonIsPresentOnAllFeatureProduct()[pri:0, instance:WebTest.TestSuit@731a74c]" name="verifyAddToCArtButtonIsPresentOnAllFeatureProduct" duration-ms="125" started-at="2020-03-18T21:54:23 GMT" finished-at="2020-03-18T21:54:23 GMT">
          <reporter-output>
          </reporter-output>
        </test-method> <!-- verifyAddToCArtButtonIsPresentOnAllFeatureProduct -->
        <test-method status="PASS" signature="closeBrowser(org.testng.ITestResult)[pri:0, instance:WebTest.TestSuit@731a74c]" name="closeBrowser" is-config="true" duration-ms="749" started-at="2020-03-18T21:54:23 GMT" finished-at="2020-03-18T21:54:24 GMT">
          <params>
            <param index="0">
              <value>
                <![CDATA[[TestResult name=verifyAddToCArtButtonIsPresentOnAllFeatureProduct status=SUCCESS method=TestSuit.verifyAddToCArtButtonIsPresentOnAllFeatureProduct()[pri:0, instance:WebTest.TestSuit@731a74c] output={null}]]]>
              </value>
            </param>
          </params>
          <reporter-output>
          </reporter-output>
        </test-method> <!-- closeBrowser -->
        <test-method status="PASS" signature="openBrowser()[pri:0, instance:WebTest.TestSuit@731a74c]" name="openBrowser" is-config="true" duration-ms="10611" started-at="2020-03-18T21:54:24 GMT" finished-at="2020-03-18T21:54:35 GMT">
          <reporter-output>
          </reporter-output>
        </test-method> <!-- openBrowser -->
        <test-method status="PASS" signature="verifyGuestUserShouldAbleToAddNewCommentInNobCommerce()[pri:0, instance:WebTest.TestSuit@731a74c]" name="verifyGuestUserShouldAbleToAddNewCommentInNobCommerce" duration-ms="5107" started-at="2020-03-18T21:54:35 GMT" finished-at="2020-03-18T21:54:40 GMT">
          <reporter-output>
          </reporter-output>
        </test-method> <!-- verifyGuestUserShouldAbleToAddNewCommentInNobCommerce -->
        <test-method status="PASS" signature="closeBrowser(org.testng.ITestResult)[pri:0, instance:WebTest.TestSuit@731a74c]" name="closeBrowser" is-config="true" duration-ms="710" started-at="2020-03-18T21:54:40 GMT" finished-at="2020-03-18T21:54:41 GMT">
          <params>
            <param index="0">
              <value>
                <![CDATA[[TestResult name=verifyGuestUserShouldAbleToAddNewCommentInNobCommerce status=SUCCESS method=TestSuit.verifyGuestUserShouldAbleToAddNewCommentInNobCommerce()[pri:0, instance:WebTest.TestSuit@731a74c] output={null}]]]>
              </value>
            </param>
          </params>
          <reporter-output>
          </reporter-output>
        </test-method> <!-- closeBrowser -->
        <test-method status="PASS" signature="openBrowser()[pri:0, instance:WebTest.TestSuit@731a74c]" name="openBrowser" is-config="true" duration-ms="10303" started-at="2020-03-18T21:54:41 GMT" finished-at="2020-03-18T21:54:51 GMT">
          <reporter-output>
          </reporter-output>
        </test-method> <!-- openBrowser -->
        <test-method status="PASS" signature="verifyGuestUserShouldAbleToCheckOutSuccessfully()[pri:0, instance:WebTest.TestSuit@731a74c]" name="verifyGuestUserShouldAbleToCheckOutSuccessfully" duration-ms="18025" started-at="2020-03-18T21:54:51 GMT" finished-at="2020-03-18T21:55:09 GMT">
          <reporter-output>
          </reporter-output>
        </test-method> <!-- verifyGuestUserShouldAbleToCheckOutSuccessfully -->
        <test-method status="PASS" signature="closeBrowser(org.testng.ITestResult)[pri:0, instance:WebTest.TestSuit@731a74c]" name="closeBrowser" is-config="true" duration-ms="703" started-at="2020-03-18T21:55:09 GMT" finished-at="2020-03-18T21:55:10 GMT">
          <params>
            <param index="0">
              <value>
                <![CDATA[[TestResult name=verifyGuestUserShouldAbleToCheckOutSuccessfully status=SUCCESS method=TestSuit.verifyGuestUserShouldAbleToCheckOutSuccessfully()[pri:0, instance:WebTest.TestSuit@731a74c] output={null}]]]>
              </value>
            </param>
          </params>
          <reporter-output>
          </reporter-output>
        </test-method> <!-- closeBrowser -->
        <test-method status="PASS" signature="openBrowser()[pri:0, instance:WebTest.TestSuit@731a74c]" name="openBrowser" is-config="true" duration-ms="10651" started-at="2020-03-18T21:55:10 GMT" finished-at="2020-03-18T21:55:20 GMT">
          <reporter-output>
          </reporter-output>
        </test-method> <!-- openBrowser -->
        <test-method status="PASS" signature="verifyUserShouldAbleToChangeCurrency()[pri:0, instance:WebTest.TestSuit@731a74c]" name="verifyUserShouldAbleToChangeCurrency" duration-ms="2147" started-at="2020-03-18T21:55:20 GMT" finished-at="2020-03-18T21:55:22 GMT">
          <reporter-output>
          </reporter-output>
        </test-method> <!-- verifyUserShouldAbleToChangeCurrency -->
        <test-method status="PASS" signature="closeBrowser(org.testng.ITestResult)[pri:0, instance:WebTest.TestSuit@731a74c]" name="closeBrowser" is-config="true" duration-ms="1139" started-at="2020-03-18T21:55:22 GMT" finished-at="2020-03-18T21:55:23 GMT">
          <params>
            <param index="0">
              <value>
                <![CDATA[[TestResult name=verifyUserShouldAbleToChangeCurrency status=SUCCESS method=TestSuit.verifyUserShouldAbleToChangeCurrency()[pri:0, instance:WebTest.TestSuit@731a74c] output={null}]]]>
              </value>
            </param>
          </params>
          <reporter-output>
          </reporter-output>
        </test-method> <!-- closeBrowser -->
      </class> <!-- WebTest.TestSuit -->
    </test> <!-- Surefire test -->
  </suite> <!-- Surefire suite -->
</testng-results>
